<?xml version="1.0" encoding="UTF-8"?>
<beans xmlns="http://www.springframework.org/schema/beans"
       xmlns:xsi="http://www.w3.org/2001/XMLSchema-instance"
       xsi:schemaLocation="http://www.springframework.org/schema/beans 
	   					   http://www.springframework.org/schema/beans/spring-beans-3.0.xsd">
	   					   
	  <!-- <bean id="connectionMaker" class="springbook.user.dao.DConnectionMaker"/> -->
	  <bean id="dataSource" class="org.springframework.jdbc.datasource.SimpleDriverDataSource" >
	  	<property name="driverClass" value="org.postgresql.Driver"></property>
	  	<property name="url" value="jdbc:postgresql://localhost/testdb"></property>
	  	<property name="username" value="spring"></property>
	  	<property name="password" value="book"></property>
	  </bean>
	  <bean id="userDao" class="springbook.user.dao.UserDao">
	  	<property name="dataSource" ref="dataSource"/>
	  </bean>

</beans>